<?xml version="1.0" encoding="UTF-8"?>
<!-- Generated by org.testng.reporters.JUnitReportReporter -->
<testsuite hostname="DESKTOP-F525NDO" failures="0" tests="1" name="Maven_proj.Maven_Ro.RestAPITest" time="0.015" errors="0" timestamp="2022-02-15T09:35:45 IST" skipped="0">
  <testcase classname="Maven_proj.Maven_Ro.RestAPITest" name="Meena" time="0.015"/>
  <system-out/>
</testsuite> <!-- Maven_proj.Maven_Ro.RestAPITest -->
