<?xml version="1.0" encoding="UTF-8"?>
<!-- Generated by org.testng.reporters.JUnitReportReporter -->
<testsuite hostname="DESKTOP-F525NDO" failures="0" tests="1" name="Maven_proj.Maven_Ro.SeleniumTest" time="0.004" errors="0" timestamp="2022-02-15T09:35:45 IST" skipped="0">
  <testcase classname="Maven_proj.Maven_Ro.SeleniumTest" name="Shiva" time="0.004"/>
  <system-out/>
</testsuite> <!-- Maven_proj.Maven_Ro.SeleniumTest -->
