<?xml version="1.0" encoding="UTF-8"?>
<!-- Generated by org.testng.reporters.JUnitReportReporter -->
<testsuite hostname="DESKTOP-F525NDO" failures="0" tests="2" name="Maven_proj.Maven_Ro.AppiumTest" time="0.018" errors="0" timestamp="2022-02-15T08:27:40 IST" skipped="0">
  <testcase classname="Maven_proj.Maven_Ro.AppiumTest" name="rohan" time="0.004"/>
  <system-out/>
  <testcase classname="Maven_proj.Maven_Ro.AppiumTest" name="Gayatri" time="0.014"/>
  <system-out/>
</testsuite> <!-- Maven_proj.Maven_Ro.AppiumTest -->
