<?xml version="1.0" encoding="UTF-8"?>
<!-- Generated by org.testng.reporters.JUnitReportReporter -->
<testsuite skipped="0" hostname="DESKTOP-F525NDO" name="Maven_proj.Maven_Ro.SeleniumTest" tests="1" failures="0" timestamp="2022-02-15T09:40:58 IST" time="0.012" errors="0">
  <testcase name="Shiva" time="0.012" classname="Maven_proj.Maven_Ro.SeleniumTest"/>
  <system-out/>
</testsuite> <!-- Maven_proj.Maven_Ro.SeleniumTest -->
