<?xml version="1.0" encoding="UTF-8"?>
<!-- Generated by org.testng.reporters.JUnitReportReporter -->
<testsuite skipped="0" hostname="DESKTOP-F525NDO" name="Maven_proj.Maven_Ro.AppiumTest" tests="2" failures="0" timestamp="2022-02-15T09:40:58 IST" time="0.008" errors="0">
  <testcase name="Gayatri" time="0.004" classname="Maven_proj.Maven_Ro.AppiumTest"/>
  <system-out/>
  <testcase name="rohan" time="0.004" classname="Maven_proj.Maven_Ro.AppiumTest"/>
  <system-out/>
</testsuite> <!-- Maven_proj.Maven_Ro.AppiumTest -->
