<?xml version="1.0" encoding="UTF-8"?>
<!-- Generated by org.testng.reporters.JUnitReportReporter -->
<testsuite skipped="0" hostname="DESKTOP-F525NDO" name="Maven_proj.Maven_Ro.RestAPITest" tests="1" failures="0" timestamp="2022-02-15T09:39:34 IST" time="0.008" errors="0">
  <testcase name="Meena" time="0.008" classname="Maven_proj.Maven_Ro.RestAPITest"/>
  <system-out/>
</testsuite> <!-- Maven_proj.Maven_Ro.RestAPITest -->
